<?xml version="1.0" encoding="UTF-8"?>
<!-- Generated by org.testng.reporters.JUnitReportReporter -->
<testsuite hostname="alok-lt" name="com.experitest.auto.AndroidDemoTest" tests="5" failures="0" timestamp="9 Jan 2018 13:18:07 GMT" time="684.550" errors="0">
  <testcase name="WebApplication2Test" time="184.589" classname="com.experitest.auto.AndroidDemoTest"/>
  <testcase name="LoginApplicationTest" time="68.866" classname="com.experitest.auto.AndroidDemoTest"/>
  <testcase name="MakePayMentTest" time="183.119" classname="com.experitest.auto.AndroidDemoTest"/>
  <testcase name="WebApplicationTest" time="164.076" classname="com.experitest.auto.AndroidDemoTest"/>
  <testcase name="LaunchApplicationTest" time="83.900" classname="com.experitest.auto.AndroidDemoTest"/>
</testsuite> <!-- com.experitest.auto.AndroidDemoTest -->
