<?xml version="1.0" encoding="UTF-8"?>
<!-- Generated by org.testng.reporters.JUnitReportReporter -->
<testsuite hostname="alok-lt" name="com.experitest.auto.IOSDemoTest" tests="1" failures="0" timestamp="9 Jan 2018 13:18:07 GMT" time="89.608" errors="0">
  <testcase name="webLoginApplicationTest" time="89.608" classname="com.experitest.auto.IOSDemoTest"/>
</testsuite> <!-- com.experitest.auto.IOSDemoTest -->
